17:13:12 ERROR| DatabaseHelper >> Ошибка в чтении конфига БД: 
17:13:12 INFO | FileHelper >> Файл 'source.json' загружен
17:13:12 INFO | Main >> Загружено 2 элементов в коллекцию
17:13:12 INFO | Main >> Сервер запущен на порте 19825
17:13:47 ERROR| DatabaseHelper >> Ошибка в чтении конфига БД
17:13:47 INFO | FileHelper >> Файл 'source.json' загружен
17:13:47 INFO | Main >> Загружено 2 элементов в коллекцию
17:13:47 INFO | Main >> Сервер запущен на порте 19825
17:16:39 ERROR| DatabaseHelper >> Не удалось подключиться к БД: No suitable driver found for 
17:16:39 INFO | FileHelper >> Файл 'source.json' загружен
17:16:39 INFO | Main >> Загружено 2 элементов в коллекцию
17:16:39 INFO | Main >> Сервер запущен на порте 19825
17:18:13 ERROR| DatabaseHelper >> Не удалось подключиться к БД: Ошибка при попытке подсоединения.
17:18:13 INFO | FileHelper >> Файл 'source.json' загружен
17:18:13 INFO | Main >> Загружено 2 элементов в коллекцию
17:18:13 INFO | Main >> Сервер запущен на порте 19825
17:18:46 ERROR| DatabaseHelper >> Не удалось подключиться к БД: Ошибка при попытке подсоединения.
17:18:46 INFO | FileHelper >> Файл 'source.json' загружен
17:18:46 INFO | Main >> Загружено 2 элементов в коллекцию
17:18:46 INFO | Main >> Сервер запущен на порте 19825
17:20:44 ERROR| DatabaseHelper >> Не удалось подключиться к БД: Ошибка при попытке подсоединения.
17:20:44 INFO | FileHelper >> Файл 'source.json' загружен
17:20:44 INFO | Main >> Загружено 2 элементов в коллекцию
17:20:44 INFO | Main >> Сервер запущен на порте 19825
17:21:00 INFO | FileHelper >> Файл 'source.json' загружен
17:21:00 INFO | Main >> Загружено 2 элементов в коллекцию
17:21:00 INFO | Main >> Сервер запущен на порте 19825
18:51:56 INFO | Main >> Сервер запущен на порте 19825
18:52:25 INFO | FileHelper >> Файл 'source.json' загружен
18:52:25 INFO | Main >> Загружено 2 элементов в коллекцию
18:52:26 INFO | Main >> Сервер запущен на порте 19825
19:05:31 INFO | Main >> Сервер запущен на порте 19825
19:05:39 INFO | Main >> Сервер остановлен
19:07:56 INFO | DatabaseHelper >> Подключено к базе данных 'studs'
19:07:56 INFO | Main >> Сервер запущен на порте 19825
19:46:36 INFO | DatabaseHelper >> Подключение к базе данных 'studs' успешно
19:46:36 INFO | Main >> Сервер запущен на порте 19825
